<?xml version="1.0" encoding="UTF-8"?>
<testsuite xmlns:xsi="http://www.w3.org/2001/XMLSchema-instance" xsi:noNamespaceSchemaLocation="https://maven.apache.org/surefire/maven-surefire-plugin/xsd/surefire-test-report-3.0.xsd" version="3.0" name="com.gilson.br.cadastro.controller.UserControllerTest" time="0.876" tests="14" errors="1" skipped="0" failures="3">
  <properties>
[...]
</properties>
  <testcase name="deveRetornarErroQuandoEnderecoAusenteNoPost" classname="com.gilson.br.cadastro.controller.UserControllerTest" time="0.265">
    <system-out><![CDATA[2026-03-17T14:54:45.846-03:00  INFO 8964 --- [           main] t.c.s.AnnotationConfigContextLoaderUtils : Could not detect default configuration classes for test class [com.gilson.br.cadastro.controller.UserControllerTest]: UserControllerTest does not declare any static, non-private, non-final, nested classes annotated with @Configuration.
2026-03-17T14:54:45.866-03:00  INFO 8964 --- [           main] .b.t.c.SpringBootTestContextBootstrapper : Found @SpringBootConfiguration com.gilson.br.cadastro.Application for test class com.gilson.br.cadastro.controller.UserControllerTest

  .   ____          _            __ _ _
 /\\ / ___'_ __ _ _(_)_ __  __ _ \ \ \ \
( ( )\___ | '_ | '_| | '_ \/ _` | \ \ \ \
 \\/  ___)| |_)| | | | | || (_| |  ) ) ) )
  '  |____| .__|_| |_|_| |_\__, | / / / /
 =========|_|==============|___/=/_/_/_/
 :: Spring Boot ::                (v3.2.4)

2026-03-17T14:54:45.914-03:00  INFO 8964 --- [           main] c.g.b.c.controller.UserControllerTest    : Starting UserControllerTest using Java 25.0.1 with PID 8964 (started by farof in C:\Users\farof\Downloads\cadastro\cadastro)
2026-03-17T14:54:45.914-03:00  INFO 8964 --- [           main] c.g.b.c.controller.UserControllerTest    : No active profile set, falling back to 1 default profile: "default"
2026-03-17T14:54:46.196-03:00  INFO 8964 --- [           main] o.s.b.t.m.w.SpringBootMockServletContext : Initializing Spring TestDispatcherServlet ''
2026-03-17T14:54:46.197-03:00  INFO 8964 --- [           main] o.s.t.web.servlet.TestDispatcherServlet  : Initializing Servlet ''
2026-03-17T14:54:46.198-03:00  INFO 8964 --- [           main] o.s.t.web.servlet.TestDispatcherServlet  : Completed initialization in 0 ms
2026-03-17T14:54:46.204-03:00  INFO 8964 --- [           main] c.g.b.c.controller.UserControllerTest    : Started UserControllerTest in 0.332 seconds (process running for 3.806)
2026-03-17T14:54:46.466-03:00  WARN 8964 --- [           main] .w.s.m.s.DefaultHandlerExceptionResolver : Resolved [org.springframework.web.bind.MethodArgumentNotValidException: Validation failed for argument [0] in public org.springframework.http.ResponseEntity<com.gilson.br.cadastro.model.UserRequest> com.gilson.br.cadastro.controller.UserController.createUser(com.gilson.br.cadastro.model.UserRequest): [Field error in object 'userRequest' on field 'endereco': rejected value [null]; codes [NotBlank.userRequest.endereco,NotBlank.endereco,NotBlank.java.lang.String,NotBlank]; arguments [org.springframework.context.support.DefaultMessageSourceResolvable: codes [userRequest.endereco,endereco]; arguments []; default message [endereco]]; default message [O endereço é obrigatório]] ]
]]></system-out>
  </testcase>
  <testcase name="deveRetornarErroQuandoNomeEmBrancoNoPost" classname="com.gilson.br.cadastro.controller.UserControllerTest" time="0.011">
    <system-out><![CDATA[2026-03-17T14:54:46.486-03:00  WARN 8964 --- [           main] .w.s.m.s.DefaultHandlerExceptionResolver : Resolved [org.springframework.web.bind.MethodArgumentNotValidException: Validation failed for argument [0] in public org.springframework.http.ResponseEntity<com.gilson.br.cadastro.model.UserRequest> com.gilson.br.cadastro.controller.UserController.createUser(com.gilson.br.cadastro.model.UserRequest): [Field error in object 'userRequest' on field 'nome': rejected value [   ]; codes [NotBlank.userRequest.nome,NotBlank.nome,NotBlank.java.lang.String,NotBlank]; arguments [org.springframework.context.support.DefaultMessageSourceResolvable: codes [userRequest.nome,nome]; arguments []; default message [nome]]; default message [O nome é obrigatório]] ]
]]></system-out>
  </testcase>
  <testcase name="deveAtualizarUsuarioComSucesso" classname="com.gilson.br.cadastro.controller.UserControllerTest" time="0.091"/>
  <testcase name="deveRetornarErroAoDeletarUsuarioInexistente" classname="com.gilson.br.cadastro.controller.UserControllerTest" time="0.016"/>
  <testcase name="deveRetornarErroQuandoEnderecoAusenteNoPut" classname="com.gilson.br.cadastro.controller.UserControllerTest" time="0.011">
    <failure message="Status expected:&lt;400&gt; but was:&lt;200&gt;" type="java.lang.AssertionError"><![CDATA[java.lang.AssertionError: Status expected:<400> but was:<200>
	at org.springframework.test.util.AssertionErrors.fail(AssertionErrors.java:59)
	at org.springframework.test.util.AssertionErrors.assertEquals(AssertionErrors.java:122)
	at org.springframework.test.web.servlet.result.StatusResultMatchers.lambda$matcher$9(StatusResultMatchers.java:637)
	at org.springframework.test.web.servlet.MockMvc$1.andExpect(MockMvc.java:214)
	at com.gilson.br.cadastro.controller.UserControllerTest.deveRetornarErroQuandoEnderecoAusenteNoPut(UserControllerTest.java:219)
	at java.base/java.lang.reflect.Method.invoke(Method.java:565)
	at java.base/java.util.ArrayList.forEach(ArrayList.java:1604)
	at java.base/java.util.ArrayList.forEach(ArrayList.java:1604)
]]></failure>
    <system-out><![CDATA[
MockHttpServletRequest:
      HTTP Method = PUT
      Request URI = /api/users/roberto@email.com
       Parameters = {}
          Headers = [Content-Type:"application/json;charset=UTF-8", Content-Length:"98"]
             Body = {"nome":"Roberto Atualizado","email":"roberto@email.com","telefone":"11999999999","endereco":null}
    Session Attrs = {}

Handler:
             Type = com.gilson.br.cadastro.controller.UserController
           Method = com.gilson.br.cadastro.controller.UserController#updateUser(String, UserRequest)

Async:
    Async started = false
     Async result = null

Resolved Exception:
             Type = null

ModelAndView:
        View name = null
             View = null
            Model = null

FlashMap:
       Attributes = null

MockHttpServletResponse:
           Status = 200
    Error message = null
          Headers = [Content-Disposition:"inline;filename=f.txt", Content-Type:"application/json"]
     Content type = application/json
             Body = {"nome":"Roberto Atualizado","email":"roberto@email.com","telefone":"11999999999","endereco":null}
    Forwarded URL = null
   Redirected URL = null
          Cookies = []
]]></system-out>
  </testcase>
  <testcase name="deveTratarTelefoneNuloSemDerrubarServidor" classname="com.gilson.br.cadastro.controller.UserControllerTest" time="0.009">
    <error message="Request processing failed: java.lang.NullPointerException: Cannot invoke &quot;String.replace(java.lang.CharSequence, java.lang.CharSequence)&quot; because the return value of &quot;com.gilson.br.cadastro.model.UserRequest.getTelefone()&quot; is null" type="jakarta.servlet.ServletException"><![CDATA[jakarta.servlet.ServletException: Request processing failed: java.lang.NullPointerException: Cannot invoke "String.replace(java.lang.CharSequence, java.lang.CharSequence)" because the return value of "com.gilson.br.cadastro.model.UserRequest.getTelefone()" is null
	at org.springframework.web.servlet.FrameworkServlet.processRequest(FrameworkServlet.java:1022)
	at org.springframework.web.servlet.FrameworkServlet.doPost(FrameworkServlet.java:914)
	at jakarta.servlet.http.HttpServlet.service(HttpServlet.java:590)
	at org.springframework.web.servlet.FrameworkServlet.service(FrameworkServlet.java:885)
	at org.springframework.test.web.servlet.TestDispatcherServlet.service(TestDispatcherServlet.java:72)
	at jakarta.servlet.http.HttpServlet.service(HttpServlet.java:658)
	at org.springframework.mock.web.MockFilterChain$ServletFilterProxy.doFilter(MockFilterChain.java:165)
	at org.springframework.mock.web.MockFilterChain.doFilter(MockFilterChain.java:132)
	at org.springframework.web.filter.RequestContextFilter.doFilterInternal(RequestContextFilter.java:100)
	at org.springframework.web.filter.OncePerRequestFilter.doFilter(OncePerRequestFilter.java:116)
	at org.springframework.test.web.servlet.setup.MockMvcFilterDecorator.doFilter(MockMvcFilterDecorator.java:151)
	at org.springframework.mock.web.MockFilterChain.doFilter(MockFilterChain.java:132)
	at org.springframework.web.filter.FormContentFilter.doFilterInternal(FormContentFilter.java:93)
	at org.springframework.web.filter.OncePerRequestFilter.doFilter(OncePerRequestFilter.java:116)
	at org.springframework.test.web.servlet.setup.MockMvcFilterDecorator.doFilter(MockMvcFilterDecorator.java:151)
	at org.springframework.mock.web.MockFilterChain.doFilter(MockFilterChain.java:132)
	at org.springframework.web.filter.CharacterEncodingFilter.doFilterInternal(CharacterEncodingFilter.java:201)
	at org.springframework.web.filter.OncePerRequestFilter.doFilter(OncePerRequestFilter.java:116)
	at org.springframework.test.web.servlet.setup.MockMvcFilterDecorator.doFilter(MockMvcFilterDecorator.java:151)
	at org.springframework.mock.web.MockFilterChain.doFilter(MockFilterChain.java:132)
	at org.springframework.test.web.servlet.MockMvc.perform(MockMvc.java:201)
	at com.gilson.br.cadastro.controller.UserControllerTest.deveTratarTelefoneNuloSemDerrubarServidor(UserControllerTest.java:66)
	at java.base/java.lang.reflect.Method.invoke(Method.java:565)
	at java.base/java.util.ArrayList.forEach(ArrayList.java:1604)
	at java.base/java.util.ArrayList.forEach(ArrayList.java:1604)
Caused by: java.lang.NullPointerException: Cannot invoke "String.replace(java.lang.CharSequence, java.lang.CharSequence)" because the return value of "com.gilson.br.cadastro.model.UserRequest.getTelefone()" is null
	at com.gilson.br.cadastro.service.UserService.registerUser(UserService.java:26)
	at com.gilson.br.cadastro.controller.UserController.createUser(UserController.java:24)
	at java.base/jdk.internal.reflect.DirectMethodHandleAccessor.invoke(DirectMethodHandleAccessor.java:104)
	at java.base/java.lang.reflect.Method.invoke(Method.java:565)
	at org.springframework.web.method.support.InvocableHandlerMethod.doInvoke(InvocableHandlerMethod.java:255)
	at org.springframework.web.method.support.InvocableHandlerMethod.invokeForRequest(InvocableHandlerMethod.java:188)
	at org.springframework.web.servlet.mvc.method.annotation.ServletInvocableHandlerMethod.invokeAndHandle(ServletInvocableHandlerMethod.java:118)
	at org.springframework.web.servlet.mvc.method.annotation.RequestMappingHandlerAdapter.invokeHandlerMethod(RequestMappingHandlerAdapter.java:925)
	at org.springframework.web.servlet.mvc.method.annotation.RequestMappingHandlerAdapter.handleInternal(RequestMappingHandlerAdapter.java:830)
	at org.springframework.web.servlet.mvc.method.AbstractHandlerMethodAdapter.handle(AbstractHandlerMethodAdapter.java:87)
	at org.springframework.web.servlet.DispatcherServlet.doDispatch(DispatcherServlet.java:1089)
	at org.springframework.web.servlet.DispatcherServlet.doService(DispatcherServlet.java:979)
	at org.springframework.web.servlet.FrameworkServlet.processRequest(FrameworkServlet.java:1014)
	... 24 more
]]></error>
  </testcase>
  <testcase name="deveRetornarErroQuandoEmailAusenteNoPost" classname="com.gilson.br.cadastro.controller.UserControllerTest" time="0.008">
    <system-out><![CDATA[2026-03-17T14:54:46.633-03:00  WARN 8964 --- [           main] .w.s.m.s.DefaultHandlerExceptionResolver : Resolved [org.springframework.web.bind.MethodArgumentNotValidException: Validation failed for argument [0] in public org.springframework.http.ResponseEntity<com.gilson.br.cadastro.model.UserRequest> com.gilson.br.cadastro.controller.UserController.createUser(com.gilson.br.cadastro.model.UserRequest): [Field error in object 'userRequest' on field 'email': rejected value [null]; codes [NotBlank.userRequest.email,NotBlank.email,NotBlank.java.lang.String,NotBlank]; arguments [org.springframework.context.support.DefaultMessageSourceResolvable: codes [userRequest.email,email]; arguments []; default message [email]]; default message [O e-mail é obrigatório]] ]
]]></system-out>
  </testcase>
  <testcase name="deveDeletarUsuarioComSucesso" classname="com.gilson.br.cadastro.controller.UserControllerTest" time="0.008"/>
  <testcase name="deveCadastrarUsuarioComSucesso" classname="com.gilson.br.cadastro.controller.UserControllerTest" time="0.007"/>
  <testcase name="deveRetornarErroAoAtualizarUsuarioInexistente" classname="com.gilson.br.cadastro.controller.UserControllerTest" time="0.01"/>
  <testcase name="deveRetornarErroQuandoNomeAusente" classname="com.gilson.br.cadastro.controller.UserControllerTest" time="0.008">
    <system-out><![CDATA[2026-03-17T14:54:46.676-03:00  WARN 8964 --- [           main] .w.s.m.s.DefaultHandlerExceptionResolver : Resolved [org.springframework.web.bind.MethodArgumentNotValidException: Validation failed for argument [0] in public org.springframework.http.ResponseEntity<com.gilson.br.cadastro.model.UserRequest> com.gilson.br.cadastro.controller.UserController.createUser(com.gilson.br.cadastro.model.UserRequest): [Field error in object 'userRequest' on field 'nome': rejected value [null]; codes [NotBlank.userRequest.nome,NotBlank.nome,NotBlank.java.lang.String,NotBlank]; arguments [org.springframework.context.support.DefaultMessageSourceResolvable: codes [userRequest.nome,nome]; arguments []; default message [nome]]; default message [O nome é obrigatório]] ]
]]></system-out>
  </testcase>
  <testcase name="deveRetornarErroQuandoNomeAusenteNoPut" classname="com.gilson.br.cadastro.controller.UserControllerTest" time="0.009">
    <failure message="Status expected:&lt;400&gt; but was:&lt;200&gt;" type="java.lang.AssertionError"><![CDATA[java.lang.AssertionError: Status expected:<400> but was:<200>
	at org.springframework.test.util.AssertionErrors.fail(AssertionErrors.java:59)
	at org.springframework.test.util.AssertionErrors.assertEquals(AssertionErrors.java:122)
	at org.springframework.test.web.servlet.result.StatusResultMatchers.lambda$matcher$9(StatusResultMatchers.java:637)
	at org.springframework.test.web.servlet.MockMvc$1.andExpect(MockMvc.java:214)
	at com.gilson.br.cadastro.controller.UserControllerTest.deveRetornarErroQuandoNomeAusenteNoPut(UserControllerTest.java:205)
	at java.base/java.lang.reflect.Method.invoke(Method.java:565)
	at java.base/java.util.ArrayList.forEach(ArrayList.java:1604)
	at java.base/java.util.ArrayList.forEach(ArrayList.java:1604)
]]></failure>
    <system-out><![CDATA[
MockHttpServletRequest:
      HTTP Method = PUT
      Request URI = /api/users/roberto@email.com
       Parameters = {}
          Headers = [Content-Type:"application/json;charset=UTF-8", Content-Length:"93"]
             Body = {"nome":null,"email":"roberto@email.com","telefone":"11999999999","endereco":"Rua Nova, 456"}
    Session Attrs = {}

Handler:
             Type = com.gilson.br.cadastro.controller.UserController
           Method = com.gilson.br.cadastro.controller.UserController#updateUser(String, UserRequest)

Async:
    Async started = false
     Async result = null

Resolved Exception:
             Type = null

ModelAndView:
        View name = null
             View = null
            Model = null

FlashMap:
       Attributes = null

MockHttpServletResponse:
           Status = 200
    Error message = null
          Headers = [Content-Disposition:"inline;filename=f.txt", Content-Type:"application/json"]
     Content type = application/json
             Body = {"nome":null,"email":"roberto@email.com","telefone":"11999999999","endereco":"Rua Nova, 456"}
    Forwarded URL = null
   Redirected URL = null
          Cookies = []
]]></system-out>
  </testcase>
  <testcase name="deveRetornarErroQuandoEmailInvalidoNoPost" classname="com.gilson.br.cadastro.controller.UserControllerTest" time="0.011">
    <failure message="Status expected:&lt;400&gt; but was:&lt;201&gt;" type="java.lang.AssertionError"><![CDATA[java.lang.AssertionError: Status expected:<400> but was:<201>
	at org.springframework.test.util.AssertionErrors.fail(AssertionErrors.java:59)
	at org.springframework.test.util.AssertionErrors.assertEquals(AssertionErrors.java:122)
	at org.springframework.test.web.servlet.result.StatusResultMatchers.lambda$matcher$9(StatusResultMatchers.java:637)
	at org.springframework.test.web.servlet.MockMvc$1.andExpect(MockMvc.java:214)
	at com.gilson.br.cadastro.controller.UserControllerTest.deveRetornarErroQuandoEmailInvalidoNoPost(UserControllerTest.java:234)
	at java.base/java.lang.reflect.Method.invoke(Method.java:565)
	at java.base/java.util.ArrayList.forEach(ArrayList.java:1604)
	at java.base/java.util.ArrayList.forEach(ArrayList.java:1604)
]]></failure>
    <system-out><![CDATA[
MockHttpServletRequest:
      HTTP Method = POST
      Request URI = /api/users
       Parameters = {}
          Headers = [Content-Type:"application/json;charset=UTF-8", Content-Length:"103"]
             Body = {"nome":"Teste de Email","email":"email_sem_arroba.com","telefone":"11999999999","endereco":"Rua X, 1"}
    Session Attrs = {}

Handler:
             Type = com.gilson.br.cadastro.controller.UserController
           Method = com.gilson.br.cadastro.controller.UserController#createUser(UserRequest)

Async:
    Async started = false
     Async result = null

Resolved Exception:
             Type = null

ModelAndView:
        View name = null
             View = null
            Model = null

FlashMap:
       Attributes = null

MockHttpServletResponse:
           Status = 201
    Error message = null
          Headers = [Content-Type:"application/json"]
     Content type = application/json
             Body = {"nome":"Teste de Email","email":"email_sem_arroba.com","telefone":"11999999999","endereco":"Rua X, 1"}
    Forwarded URL = null
   Redirected URL = null
          Cookies = []
]]></system-out>
  </testcase>
  <testcase name="deveRetornarErroQuandoEmailDuplicado" classname="com.gilson.br.cadastro.controller.UserControllerTest" time="0.011"/>
</testsuite>